Sign Language/app/build/intermediates/manifest_merge_blame_file/release/manifest-merger-blame-release-report.txt
1<?xml version="1.0" encoding="utf-8"?>
2<manifest xmlns:android="http://schemas.android.com/apk/res/android"
3    xmlns:dist="http://schemas.android.com/apk/distribution"
4    package="org.tensorflow.lite.examples.imageclassification"
5    android:versionCode="1"
6    android:versionName="1.0" >
7
8    <uses-sdk
9        android:minSdkVersion="23"
9-->src\main\AndroidManifest.xml
10        android:targetSdkVersion="32" />
10-->src\main\AndroidManifest.xml
11    <!-- Enable instant app support -->
12    <dist:module dist:instant="true" /> <!-- Declare features -->
12-->src\main\AndroidManifest.xml:7:5-40
12-->src\main\AndroidManifest.xml:7:18-37
13    <uses-feature android:name="android.hardware.camera" /> <!-- Declare permissions -->
13-->src\main\AndroidManifest.xml:8:5-60
13-->src\main\AndroidManifest.xml:8:19-57
14    <uses-permission android:name="android.permission.CAMERA" />
14-->src\main\AndroidManifest.xml:9:5-65
14-->src\main\AndroidManifest.xml:9:22-62
15    <uses-permission android:name="android.permission.WRITE_EXTERNAL_STORAGE" />
16    <uses-permission android:name="android.permission.READ_PHONE_STATE" />
17    <uses-permission android:name="android.permission.READ_EXTERNAL_STORAGE" />
18
19    <application
19-->src\main\AndroidManifest.xml:11:5-46:19
20        android:allowBackup="true"
20-->src\main\AndroidManifest.xml:12:9-35
21        android:appComponentFactory="androidx.core.app.CoreComponentFactory"
21-->[androidx.core:core:1.8.0] AndroidManifest.xml:24:18-86
22        android:extractNativeLibs="false"
23        android:icon="@mipmap/ic_launcher_new"
23-->src\main\AndroidManifest.xml:13:9-47
24        android:label="@string/app_name"
24-->src\main\AndroidManifest.xml:14:9-41
25        android:roundIcon="@mipmap/ic_launcher_new_round"
25-->src\main\AndroidManifest.xml:15:9-58
26        android:supportsRtl="true"
26-->src\main\AndroidManifest.xml:16:9-35
27        android:taskAffinity="" >
27-->src\main\AndroidManifest.xml:17:9-32
28        <activity
28-->src\main\AndroidManifest.xml:20:9-28:44
29            android:name="org.tensorflow.lite.examples.imageclassification.MainActivity"
29-->src\main\AndroidManifest.xml:21:13-41
30            android:clearTaskOnLaunch="true"
30-->src\main\AndroidManifest.xml:22:13-45
31            android:configChanges="orientation|screenLayout|screenSize|smallestScreenSize"
31-->src\main\AndroidManifest.xml:23:13-91
32            android:exported="true"
32-->src\main\AndroidManifest.xml:24:13-36
33            android:resizeableActivity="true"
33-->src\main\AndroidManifest.xml:25:13-46
34            android:rotationAnimation="seamless"
34-->src\main\AndroidManifest.xml:26:13-49
35            android:theme="@style/AppTheme" />
35-->src\main\AndroidManifest.xml:27:13-44
36        <activity
36-->src\main\AndroidManifest.xml:30:9-45:20
37            android:name="org.tensorflow.lite.examples.imageclassification.SplashScreen"
37-->src\main\AndroidManifest.xml:31:13-41
38            android:exported="true"
38-->src\main\AndroidManifest.xml:32:13-36
39            android:theme="@style/SplashScreen" >
39-->src\main\AndroidManifest.xml:33:13-48
40            <intent-filter>
40-->src\main\AndroidManifest.xml:35:13-39:29
41                <action android:name="android.intent.action.MAIN" />
41-->src\main\AndroidManifest.xml:36:17-69
41-->src\main\AndroidManifest.xml:36:25-66
42
43                <category android:name="android.intent.category.LAUNCHER" />
43-->src\main\AndroidManifest.xml:38:17-77
43-->src\main\AndroidManifest.xml:38:27-74
44            </intent-filter>
45
46            <!-- Declare notch support -->
47            <meta-data
47-->src\main\AndroidManifest.xml:42:13-44:40
48                android:name="android.notch_support"
48-->src\main\AndroidManifest.xml:43:17-53
49                android:value="true" />
49-->src\main\AndroidManifest.xml:44:17-37
50        </activity>
51
52        <uses-library
52-->[androidx.window:window:1.0.0] AndroidManifest.xml:25:9-27:40
53            android:name="androidx.window.extensions"
53-->[androidx.window:window:1.0.0] AndroidManifest.xml:26:13-54
54            android:required="false" />
54-->[androidx.window:window:1.0.0] AndroidManifest.xml:27:13-37
55        <uses-library
55-->[androidx.window:window:1.0.0] AndroidManifest.xml:28:9-30:40
56            android:name="androidx.window.sidecar"
56-->[androidx.window:window:1.0.0] AndroidManifest.xml:29:13-51
57            android:required="false" />
57-->[androidx.window:window:1.0.0] AndroidManifest.xml:30:13-37
58
59        <service
59-->[androidx.camera:camera-camera2:1.2.0-alpha04] AndroidManifest.xml:24:9-33:19
60            android:name="androidx.camera.core.impl.MetadataHolderService"
60-->[androidx.camera:camera-camera2:1.2.0-alpha04] AndroidManifest.xml:25:13-75
61            android:enabled="false"
61-->[androidx.camera:camera-camera2:1.2.0-alpha04] AndroidManifest.xml:26:13-36
62            android:exported="false" >
62-->[androidx.camera:camera-camera2:1.2.0-alpha04] AndroidManifest.xml:27:13-37
63            <meta-data
63-->[androidx.camera:camera-camera2:1.2.0-alpha04] AndroidManifest.xml:30:13-32:89
64                android:name="androidx.camera.core.impl.MetadataHolderService.DEFAULT_CONFIG_PROVIDER"
64-->[androidx.camera:camera-camera2:1.2.0-alpha04] AndroidManifest.xml:31:17-103
65                android:value="androidx.camera.camera2.Camera2Config$DefaultProvider" />
65-->[androidx.camera:camera-camera2:1.2.0-alpha04] AndroidManifest.xml:32:17-86
66        </service>
67
68        <provider
68-->[androidx.emoji2:emoji2:1.0.0] AndroidManifest.xml:26:9-34:20
69            android:name="androidx.startup.InitializationProvider"
69-->[androidx.emoji2:emoji2:1.0.0] AndroidManifest.xml:27:13-67
70            android:authorities="org.tensorflow.lite.examples.imageclassification.androidx-startup"
70-->[androidx.emoji2:emoji2:1.0.0] AndroidManifest.xml:28:13-68
71            android:exported="false" >
71-->[androidx.emoji2:emoji2:1.0.0] AndroidManifest.xml:29:13-37
72            <meta-data
72-->[androidx.emoji2:emoji2:1.0.0] AndroidManifest.xml:31:13-33:52
73                android:name="androidx.emoji2.text.EmojiCompatInitializer"
73-->[androidx.emoji2:emoji2:1.0.0] AndroidManifest.xml:32:17-75
74                android:value="androidx.startup" />
74-->[androidx.emoji2:emoji2:1.0.0] AndroidManifest.xml:33:17-49
75            <meta-data
75-->[androidx.lifecycle:lifecycle-process:2.4.0] AndroidManifest.xml:31:13-33:52
76                android:name="androidx.lifecycle.ProcessLifecycleInitializer"
76-->[androidx.lifecycle:lifecycle-process:2.4.0] AndroidManifest.xml:32:17-78
77                android:value="androidx.startup" />
77-->[androidx.lifecycle:lifecycle-process:2.4.0] AndroidManifest.xml:33:17-49
78        </provider>
79    </application>
80
81</manifest>